1
2
1
2
1
2
1
2
1
2
1
2
1
2
1
2
1
2
1
2
1
2
1
2
1
2
1
2
1
2
1
2
1
2
1
2
1
2
1
2
1
2
1
2
1
2
1
2
1
2
1
2
1
2
1
2
1
2
1
2
1
2
1
2
1
2
1
2
1
2
1
2
1
2
1
2
1
2
1
2
1
2
1
2
1
2
1
2
1
2
1
2
1
2
1
2
1
2
1
2
1
2
1
2
1
2
1
2
1
2
1
2
1
2
1
2
1
2
1
2
1
2
1
2
1
2
1
2
1
2
1
2
1
2
1
2
1
2
1
2
1
2
1
2
1
2
1
2
1
2
1
2
1
2
1
2
1
2
1
2
1
2
1
2
1
2
1
2
1
2
1
2
1
2
1
2
1
2
1
2
1
2
1
2
1
2
1
2
1
2
1
2
1
2
1
2
1
2
1
2
1
2
kkkkkkkkkkkkkkkkkkkkkkkkkkkbbbbbbbbbbbbbbbbbbbbbbb
kkkkkkkkkkkkkkkkkkkkkkkkkkkbbbbbbbbbbbbbbbbbbbbbbb
kkkkkkkkkkkkkkkkkkkkkkkkkkkbbbbbbbbbbbbbbbbbbbbbbb
kkkkkkkkkkkkkkkkkkkkkkkkkkkbbbbbbbbbbbbbbbbbbbbbbb
kkkkkkkkkkkkkkkkkkkkkkkkkkkbbbbbbbbbbbbbbbbbbbbbbb
kkkkkkkkkkkkkkkkkkkkkkkkkkkbbbbbbbbbbbbbbbbbbbbbbb
kkkkkkkkkkkkkkkkkkkkkkkkkkkbbbbbbbbbbbbbbbbbbbbbbb
kkkkkkkkkkkkkkkkkkkkkkkkkkkbbbbbbbbbbbbbbbbbbbbbbb
kkkkkkkkkkkkkkkkkkkkkkkkkkkbbbbbbbbbbbbbbbbbbbbbbb
kkkkkkkkkkkkkkkkkkkkkkkkkkkbbbbbbbbbbbbbbbbbbbbbbb
kkkkkkkkkkkkkkkkkkkkkkkkkkkbbbbbbbbbbbbbbbbbbbbbbb
kkkkkkkkkkkkkkkkkkkkkkkkkkkbbbbbbbbbbbbbbbbbbbbbbb
kkkkkkkkkkkkkkkkkkkkkkkkkkkbbbbbbbbbbbbbbbbbbbbbbb
kkkkkkkkkkkkkkkkkkkkkkkkkkkbbbbbbbbbbbbbbbbbbbbbbb
kkkkkkkkkkkkkkikkkkkkkkkkkkaaaaaaaaaaaaaaaaaaaaaaa
mmmmmmiiiiiiiiikkkkkkkkkkkkaaaaaaaaaaaaaaaaaaaaaaa
mmmmmmmmmmmmmmmmmkkkkkkkkkkaaaaaaaaaaaaaaaaaaaaaaa
mmmmmmmmmmmmmmmmmkkkkkkkkkkaaaaaaaaaaaaaaaaaaaaaaa
mmmmmmmmmmmmmmmmmkkkkkkkkkkaaaaaaaaaaaaaaaaaaaaaaa
mmmmmmmmmmmmmmmmmllnnnnnnnnaaaaaaaaaaaaaaaaaaaaaaa
oooommmmmmmmmmmmmlnnnnnnnnnaaaaaaaaaaaaaaaaaaaaaaa
oooommmmmmmmmmmmmlnnnnnnnnnaaaaaaaaaaaaaaaaaaaaaaa
dooommmmmmmmmmmmmlnnnnnnnnnaaaaaaaaaaaaaaaaaaaaaaa
dooommmmmmmmmmmmmlnnnnnnnnnaaaaaaaaaaaaaaaaaaaaaaa
dddmmmmmmmmmmmmmmlnnnnnnnnnaaaaaaaaaaaaaaaaaaaaaaa
mmmmmmmmmmmmmmmmmlnnnnnnnnnaaaaaaaaaaaaaaaaaaaaaaa
mmmmmmmmmmmmmmmmmlnnnnnnnnnaaaaaaaaaaaaaaaaaaaaaaa
mmmmmmmmmmmmmmmmmlnnnnnnnnnaaaaaaaaaaaaaaaaeeeeeee
mmmmmmmmmmmmmmmmmlnnnnnnnnnaaaaaaaaaaaaaaaaeeeeeee
mmmmmmmmmmmmmmmmmnnnnnnnnnnaaaaaaaaaaaaaaaaeeeeeee
mmmmmmmmmmmmmmmmmnnnnnnnnnnaaaaaaaaaaaaaaaaeeeeeee
gggggggmmmmmmmmmmnnnnnnnnnnaaaaaaaaaaaaaaaaeeeeeee
gggggggmmmmmmmmmmnnnnnnnnnnaaaaaaaaaaaaaaaaeeeeeee
gggggggmmmmmmmmmmnnnnnnnnnnaaaaaaaaaaaaaaaaeeeeeee
gggggggmmmmmmmmccnnnnnnnnnnaaaaaaaaaaaaaaaaeeeeeee
ggggggggggggfffhhhhhhhhhhhjjjjjjjhhhhhhhhhhhhhhhhh
ggggggggggggfffhhhhhhhhhhhhhhhhhhhhhhhhhhhhhhhhhhh
ggggggggggggfffhhhhhhhhhhhhhhhhhhhhhhhhhhhhhhhhhhh
ggggggggggggfffhhhhhhhhhhhhhhhhhhhhhhhhhhhhhhhhhhh
ggggggggggggfffhhhhhhhhhhhhhhhhhhhhhhhhhhhhhhhhhhh
ggggggggggggfffhhhhhhhhhhhhhhhhhhhhhhhhhhhhhhhhhhh
ppppppppppppfpppphhhhhhhhhhhhhhhhhhhhhhhhhhhhhhhhh
ppppppppppppfpppphhhhhhhhhhhhhhhhhhhhhhhhhhhhhhhhh
ppppppppppppppppphhhhhhhhhhhhhhhhhhhhhhhhhhhhhhhhh
ppppppppppppppppphhhhhhhhhhhhhhhhhhhhhhhhhhhhhhhhh
ppppppppppppppppphhhhhhhhhhhhhhhhhhhhhhhhhhhhhhhhh
ppppppppppppppppphhhhhhhhhhhhhhhhhhhhhhhhhhhhhhhhh
ppppppppppppppppphhhhhhhhhhhhhhhhhhhhhhhhhhhhhhhhh
ppppppppppppppppphhhhhhhhhhhhhhhhhhhhhhhhhhhhhhhhh
ppppppppppppppppphhhhhhhhhhhhhhhhhhhhhhhhhhhhhhhhh
