dddddddddddddddddddpppppppppppppppphhhhhhhhhhhhhhh
dddddddddddddddddddpppppppppppppppphhhhhhhhhhhhhhh
ddddddddddddddddddpppppppppppppppppphhhhhhhhhhhhhh
ddddddddddddddddddpppppppppppppppppphhhhhhhhhhhhhh
dddddddddddddddddpppppppppppppppppppphhhhhhhhhhhhh
dddddddddddddddddpppppppppppppppppppphhhhhhhhhhhhh
ddddddddddddddddpppppppppppppppppppppphhhhhhhhhhhh
dddddddddddddddcpppppppppppppppppppppphhhhhhhhhhhh
dddddddddddddddcppppppppppppppppppppppphhhhhhhhhhh
ddddddddddddddccppppppppppppppppppppppphhhhhhhhhhh
ddddddddddddddccpppppppppppppppppppppppphhhhhhhhhh
ddddddddeeeeeecccppppppppppppppppppppppphhhhhhhhhh
ddddddddeeeeecccccppppppppppppppppppppppphhhhhhhhf
dddddddeeeeeecccccccppppppppppppppppppppphhhhhhhff
ddddddeeeeeeccccccccccpppppppppoooppppppbbbbbbbfff
dddddeeeeeeeccccccccccccppppppoooooooooobbbbbbbbff
ddddeeeeeeeeccccccccccccccoooooooooooooobbbbbbbbff
eeeeeeeeeeeeeccccccccccccoooooooookkkkkkbbbbbbbbff
eeeeeeeeeeeeecccccccccccooooooooookkkkkkkbbbbbbbff
eeeeeeeeeeeeeeccccccccccoooooooookkkkkkkkbbbbbbbff
eeeeeeeeeeeeeeccccccccccooooooojokkkkkkkbbbbbbbbbf
eeeeeeeeeeeeeeecjjjjjjjjjjooojjjjkkkkkkkbbbbbbbbbf
eeeeeeeeeeeeeeejjjjjjjjjjjjjjjjjjkkkkkkbbbbbbbbbbb
eeeeeeeeeeeeeejjjjjjjjjjjjjjjjjjjkkkkkbbbbbbbbbbbb
eeeeeeeeeeeeejjjjjjjjjjjjjjjjjjjjkkkkkbbbbbbbbbbbb
eeeeeeeeeeeejjjjjjjjjjjjjjjjjjjjjkkkkkkbbbbbbbbbbb
eeeeeeeeeeeejjjjjjjjjjjjjjjjjjjjjkkkkkkbbbbbbbbbbb
meeeeeeeeeemmmmmmmmmmmmmmmmmmjjjjkkkkkkbbbbbbbbbbb
mmmeeeeeeemmmmmmmmmmmmmmmmmmmmmjjkkkkknnbbbbbbbbbb
mmmmmmmmmmmmmmmmmmmmmmmmmmmmmmmjjkkknnnnnnbbbbbbbb
mmmmmmmmmmmmmmmmmmmmmmmmmmmmmmmjjkknnnnnnnnbbbbbbb
mmmmmmmmmmmmmmmmmmmmmmimmmmmmmmjjknnnnnnnnnnnbbbbb
mmmmmmmmmmmmmmmmmmmmiiiiimmmmmmjnnnnnnnnnnnnnnnnnn
mmmmmmmmmmmmmmmmmgggiiiiiiimmmmnnnnnnnnnnnnnnnnnnn
mmmmmmmmmmmmmmmmmglliiiiiiiimmnnnnnnnnnnnnnnnnnnnn
mmmmmmmmmmmmmmmmmglliiiiiiiimnnnnnnnnnnnnnnnnnnnnn
mmmmmmmmmmmmmmmmmglliiiiiiiimnnnnnnnnnnnnnnnnnnnnn
mmmmmmmmmmmmmmmmgglliiiiiiiiinnnnnnnnnnnnnnnnnnnnn
mmmmmmmmmmmmmmmggglliiiiiiiiinnnnnnnnnnnnnnnnnnnnn
mmmggggggggggggggglliiiiiiiiiaaaaaannnnnnnnnnnnnnn
mggggggggggggggggglliiiiiiiiiaaaaaaaannnnnnnnnnnnn
gggggggggggggggggglliiiiiiiiaaaaaaaaannnnnnnnnnnnn
gggggggggggggggggglliiiiiiiiaaaaaaaaaannnnnnnnnnnn
gggggggggggggggggglliiiiiiiiaaaaaaaaaaannnnnnnnnnn
gggggggggggggggggllliiiiiiiiaaaaaaaaaaannnnnnnnnnn
gggggggggggggggglllliiiiiiiiaaaaaaaaaaaannnnnnnnnn
gggggggggglllllllllliiiiiiiiaaaaaaaaaaaannnnnnnnnn
gggggggglllllllllllliiiiiiiaaaaaaaaaaaaaannnnnnnnn
gggggglllllllllllllliiiiiiiaaaaaaaaaaaaaannnnnnnnn
gggglllllllllllllllllllllllaaaaaaaaaaaaaannnnnnnnn
