1
2
1
2
1
2
1
2
1
2
1
2
1
2
1
2
1
2
1
2
1
2
1
2
1
2
1
2
1
2
1
2
1
2
1
2
1
2
1
2
1
2
1
2
1
2
1
2
1
2
1
2
1
2
1
2
1
2
1
2
1
2
1
2
1
2
1
2
1
2
1
2
1
2
1
2
1
2
1
2
1
2
1
2
1
2
1
2
1
2
1
2
1
2
1
2
1
2
1
2
1
2
1
2
1
2
1
2
1
2
1
2
1
2
1
2
1
2
1
2
1
2
1
2
1
2
1
2
1
2
1
2
1
2
1
2
1
2
1
2
1
2
1
2
1
2
1
2
1
2
1
2
1
2
1
2
1
2
1
2
1
2
1
2
1
2
1
2
1
2
1
2
1
2
1
2
1
2
1
2
1
2
1
2
1
2
1
2
1
2
1
2
1
2
1
2
1
2
1
2
1
2
nnnnnnnnnnnkkkkkkkkkkkkkkkkkkkkkkhhhhhhhhhhhhhhhhh
nnnnnnnnnnnkkkkkkkkkkkkkkkkkkkkkkhhhhhhhhhhhhhhhhh
nnnnnnnnnnnkkkkkkkkkkkkkkkkkkkkkkhhhhhhhhhhhhchhhh
nnnnnnnnnookkkkkkkkkkkkkkkkkkkkkkhhhhhhhhhhhhchhhh
nnnnnnnnnookkkkkkkkkkkkkkkkkkkkkahhhhhhhhhhhhchhhh
nnnnnnnnnookkkkkkkkkkkkkkkkkkkkkaahhhhhhhhhhhchhhh
nnnnnnnnnnnkkkkkkkkkkkkkkkkkkkkkaaahhhhhhhhhhhhhhh
nnnnnnnnnnnkkkkkkkkkkkkkkkkkkkkkkkhhhhhhhhhhhhhhhh
nnnnnnnnnnnkkkkkkkkkkkkkkkkkkkkkkkhhhhhhhhhhhhhhhh
nnnnnnnnnnnkkkkkkkkkkkkkkkkkkkkkbbhhhhhhhhhhhhhhhh
nnnnnnnnnnnkkkkkkkkkkkkkkkkkkkkkbbhhhhhhhhhhhhhhhh
nnnnnnnnnnnkkkkkkkkkkkkkkkkkkkkkhhhhhhhhhhhhhhhhhh
nnnnnnnnnnnnnnnnnnnnnnnnnnnnhhhhhhhhhhhhhhhhhhhhhh
nnnnnnnnnnnnnnnnnnnnnnnnnnnnhhhhhhhhhhhhhhhhhhhhhh
nnnnnnnnnnnnnnnnnnnnnnnnnnnnhhhhhhhhhhhhhhhhhhhhhh
nnnnnnnnnnnnnnnnnnnnnnnnnnnnhhhhhhhhhhhhhhhhhhhhhh
nnnnnnnnnnnnnnnnnnnnnnnnnnnnhhhhhhhhhhhhhhhhhhhhhh
nnnnnnnnnnnnnnnnnnnnnnnnnnnnhhhhhhhhhhhhhhhhhhhhhh
nnnnnnnnnnnnnnnnnnnnnnnnnnnnhhhhhhhhhhhhhhhhhhhhhh
nnnnnnnnnnnnnnnnnnnnnnnnnnnnhhhhhhhhhhhhhhhhhhhhhh
nnnnnnnnnnnnnnnnnnnnnnnnnnnnhhhhhhhhhhhhhhhhhhhhhh
nnnnnnnnnnnnnnnnnnnnnnnnnnnnhhhhhhhhhhhhhhhhhhhhhh
nnnnnnnnnnnnnnnnnnnnnnnnnnnnhhhhhhhhhhhhhhhhhhhhhh
nnnnnnnnnnnnnnnnnnnnnnnnnnnnhhhhhhhhhhhhhhhhhhhhhh
nnnnnnnnnnnnnnnnnnnnnnnnjnnnhhhhhhhhhhhhhhhhhhhhhh
nnnnnnnnnnnnnnnnnnnnnnnnjnnnhhhhhhhhhhhhhhhhhhhhhh
nnnnnnnnnnnnnnnnnnnnnnnjjddddddddllllhhhhhhhhhhhhh
nnnnnnnnnnnnnnnnnnnnnnnjjddddddddllllhhhhhhhhhhhhh
nnnnnnnnnnnnnnnnnnnjjjjjjddddddddllllhhhhhhhhhhhhh
nnnnnnnnnnnnnmmmmmmmmmmddddddddddllllhhhhhhhhhhhhh
nnnnnnnnnnnnnmmmmmmmmmmddddddddddllllhhhhhhhhhhhhh
nnnnnnnnnnnnnmmmmmmmmeeddddddddddllllhhhhhhhhhhhhh
nnnnnnnnnnnnnmmmmmmmmeeddddddddddllllhhhhhhhhhhhhh
ggggggggggggggggggggeeeddddddddddllllhhhhhhhhhhhhh
ggggggggggggggggggggeeeddddddddddddddddddddddddddd
ggggggggggggggggggggdddddddddddddddddddddddddddddd
ggggggggggggggggggggdddddddddddddddddddddddddddddd
ggggggggggggggggggggdddddddddddddddddddddddddddddd
ggggggggggggggggggggdddddddddddddddddddddddddddddd
ggggggggggggggggggggdddddddddddddddddddddddddddddd
iiiiiiggggggggggggggdddddddddddddddddddddddddddddd
iiiiiiggggggggggggggdddddddddddddddddddddddddddddd
iiiiiiggggggggggggggdddddddddddddddddddddddddddddd
fffffffffffffffffffffffddddddddddddddddddddddddddd
fffffffffffffffffffffffppppddddddddddddddddddddddd
fffffffffffffffffffffffppppddddddddddddddddddddddd
fffffffffffffffffffffffppppddddddddddddddddddddddd
fffffffffffffffffffffffffffffffffffddddddddddddddd
fffffffffffffffffffffffffffffffffffddddddddddddddd
fffffffffffffffffffffffffffffffffffddddddddddddddd
