1
2
1
2
1
2
1
2
1
2
1
2
1
2
1
2
1
2
1
2
1
2
1
2
1
2
1
2
1
2
1
2
1
2
1
2
1
2
1
2
1
2
1
2
1
2
1
2
1
2
1
2
1
2
1
2
1
2
1
2
1
2
1
2
1
2
1
2
1
2
1
2
1
2
1
2
1
2
1
2
1
2
1
2
1
2
1
2
1
2
1
2
1
2
1
2
1
2
1
2
1
2
1
2
1
2
1
2
1
2
1
2
1
2
1
2
1
2
1
2
1
2
1
2
1
2
1
2
1
2
1
2
1
2
1
2
1
2
1
2
1
2
1
2
1
2
1
2
1
2
1
2
1
2
1
2
1
2
1
2
1
2
1
2
1
2
1
2
1
2
1
2
1
2
1
2
1
2
1
2
1
2
1
2
1
2
1
2
1
2
1
2
1
2
1
2
1
2
1
2
1
2
iiiiiikkkkkkkkkkkkkkkkkkkkkkkkkoooooooooooooolllll
iiiiiikkkkkkkkkkkkkkkkkkkkkkkkkoooooooooooooolllll
iiiiiikkkkkkkkkkkkkkkkkkkkkkkkkoooooooooeeelllllll
iiiiiikkkkkkkkkkkkkkkkkkkkkkkkkoooooooooeeelllllll
iiiiiikkkkkkkkkkkkkkkkkkkkkkkkkoooooooooeeelllllll
iiiiiikkkkkkkkkkkkkkkkkkkkkkkkkoooooooooeeelllllll
iiiiiikkkkkkkkkkkkkkkkkkkkkkkkkoooooooooeeelllllll
iiiiiikkkkkkkkkkkkkkkkkkkkkkkkkoooooooooeeedllllll
iiiiiikkkkkkkkkkkkkkkkkkkkkkkkkooooeeeeeeeedllllll
iiiiiikkkkkkkkkkkkkkkkkkkkkkkkkooooeeeeeeeedllllll
iiiiiikkkkkkkkkkkkkkkkkkkkkkkkkoooooooddddddllllll
iiiiiikkkkkkkkkkkkkkkkkkkkkkkkkoooooooddddddllllll
iiiiiikkkkkkkkkkkkkkkkkkkkkkkkkoooooooddddddllllll
iiiiiikkkkkkkkkkkkkkkkkkkkkkkkkoooooooddddddllllll
gggggggggggggcccccccckkkkkkkkkkooooooonnnnnnnlllll
gggggggggggggghhhhhhhkkkkkkkkkknnnnnnnnnnnnnnnpppp
gggggggggggggghhhhhhhkkkkkkkkkknnnnnnnnnnnnnnnpppp
gggggggggggggghhhhhhhkkkkkkkkkknnnnnnnnnnnnnnnpppp
gggggggggggggghhhhhhhkkkkkkkkkknnnnnnnnnnnnnnnpppp
gggggggggggggghhhhhhhkkkkkkkkkknnnnnnnnnnnnnnnpppp
gggggggjjggggghhhhhhhhkkkkkkkkknnnnnnnnnnnnnnnpppp
gggggggjjggggghhhhhhhhkkkkkkkkknnnnnnnnnnnnnnnpppp
gggggggjjgggggggggahhhkkkkkkkkknnnnnnnnnnnnnnnpppp
gggggggjjgggggggggahhhhhhkkkkkknnnnnnnnnnnnnnnpppp
gggggggjjgggggggggahhhhhhkkkkkknnnnnnnnnnnnnnnpppp
gggggggjjgggggggggahhhhhhhkkkkknnnnnnnnnnnnnnnpppp
ggggggggggggggggggaaahhhhhhhhkknnnnnnnnnnnnnnnnnnn
ggggggggggggggggggggghhhhhhhhhnnnnnnnnnnnnnnnnnnnn
gggggggggggggggggggggggggggggnnnnnnnnnnnnnnnnnnnnn
gggggggggggggggggggggggggggggnnnnnnnnnnnnnnnnnnnnn
gggggggggggggggggggggggggggggnnnnnbnnnnnnnnnnnnnnn
nnnnfggggggggggggggggggggggggnnnnnbbbnnnnnnnnnnnnn
nnnnfnnnnnnnnnnnnnnnnnnnnnnnnnnnnnnnnnnnnnnnnnnnnn
nnnnfnnnnnnnnnnnnnnnnnnnnnnnnnnnnnnnnnnnnnnnnnnnnn
nnnnnnnnnnnnnnnnnnnnnnnnnnnnnnnnnnnnnnnnnnnnnnnnnn
nnnnnnnnnnnnnnnnnnnnnnnnnnnnnnnnnnnnnnnnnnnnnnnnnn
nnnnnnnnnnnnnnnnnnnnnnnnnnnnnnnnnnnnnnnnnnnnnnnnnn
nnnnnnnnnnnnnnnnnnnnnnnnnnnnnnnnnnnnnnnnnnnnnnnnnn
nnnnnnnnnnnnnnnnnnnnnnnnnnnnnnnnnnnnnnnnnnnnnnnnnn
nnnnnnnnnnnnnnnnnnnnnnnnnnnnnnnnnnnnnnnnnnnnnnnnnn
nnnnnnnnnnnnnnnnnnnnnnnnnnnnnnnnnnnnnnnnnnnnnnmmmm
nnnnnnnnnnnnnnnnnnnnnnnnnnnnnnnnnnnnnnnnnnnnnnmmmm
nnnnnnnnnnnnnnnnnnnnnnnnnnnnnnnnnnnnnnnnnnnnnnmmmm
nnnnnnnnnnnnnnnnnnnnnnnnnnnnnnnnnnnnnnnnnnnnnnmmmm
nnnnnnnnnnnnnnnnnnnnnnnnnnnnnnnnnnnnnnnnnnnnnnmmmm
nnnnnnnnnnnnnnnnnnnnnnnnnnnnnnnnnnnnnnnnnnnnnnmmmm
nnnnnnnnnnnnnnnnnnnnnnnnnnnnnnnnnnnnnnnnnnnnnnmmmm
nnnnnnnnnnnnnnnnnnnnnnnnnnnnnnnnnnnnnnnnnnnnnnmmmm
nnnnnnnnnnnnnnnnnnnnnnnnnnnnnnnnnnnnnnnnnnmmmmmmmm
nnnnnnnnnnnnnnnnnnnnnnnnnnnnnnnnnnnnnnnnnnmmmmmmmm
