jjjjjjjjkkkkkkkkkkkkkkkkkkkkkkknnnnnnnnnnnnnnnnnnn
jjjjjjjjkkkkkkkkkkkkkkkkkkkkkkknnnnnnnnnnnnnnnnnnn
jjjjjjjjkkkkkkkkkkkkkkkkkkkkkkknnnnnnnnnnnnnnnnnnn
jjjjjjjjjjkkkkkkkkkkkkkkkkkkkkknnnnnnnnnnnnnnnnnnn
jjjjjjjjjjjjkkkkkkkkkkkkkkkkkkkknnnnnnnnnnnnnnnnnn
jjjjjjjjjjjjjjjjjjjkkkkkkkkkkkkkmmmmmmmmmmmmnnnnnm
jjjjjjjjjjjjjjjjjjjjkkkkkkkkkkkmmmmmmmmmmmmmmnnnmm
jjjjjjjjjjjjjjjjjjjjjkkkkkkkkkammmmmmmmmmmmmmmmmmm
jjjjjjjjjjjjjjjjjjjjjkkkkkklllaaammmmmmmmmmmmmmmmm
jjjjjjjjjjjjjjjjjjjjjkkkkkllllaaaaammmmmmmmmmmmmmm
jjjjjjjjjjjjdddjjjjjjkkkklllllaaaaaammmmmmmmmmmmmm
jjjjjjjjjjdddddddjjjjjjjllllllaaaaaaammmmmmmmmmmmm
jjjjjjjjjddddddddjjjjjjlllllllaaaaaaaammmmmmmmmmmm
jjjjjjjjddddddddddjjjjllllllllaaaaaaaaammmmmmmmmmm
jjjjjjiiidddddddddjjjjjjjjlllaaaaaaaaaaaammmmmmmmm
iiiiiiiiibbbbdddddjjjjjjjjaaaaaaaaaaaaaaaaammmmmmm
iiiiiiiiiibbbdddddjjjjjjjjjjjjjaaaaaaaaaaaammmmmmm
iiiiiiiiiibbbddddddjjjjjjjjjjjjjaaaaaaaaaaammmmmmm
iiiiiiiiiiibbddddddjjjjjjjjjjjjjjaaaaaaaaaaammmmmm
iiiiiiiiiiibbdddddddjjoooooojjjjjaaaaaaaaaaammmmmm
iiiiiiiiiiibbdddddddooooooooojjjjaaaaaaaaaaaammmmm
iiiiiiiiiiibbdddddddooooooooojjjjaaaaaaaaaaaammmmm
iiiiiiiiiiibbdddddddooooooooojjjjaaaaaaaggggggmmmm
iiiiiiiiiiibbddddddddoooooooojjjjggggggggggggggmmm
cccccccciiibbdbbbbbbooooooooojjjjgggggggggggggggmm
ccccccccciiibbbbbbbbboooooooojjjjggggggggggggggggm
ccccccccciiibbbbbbbbbboooooojjjjjggggggggggggggggg
cccccccccciibbbbbbbbbboooooojjjjjggggggggggggggggg
cccccccccciiibbbbbbbbbbjjjjjjjjjjjgggggggggggggggg
cccccccccciiibbbbbbbbbjjjjjjjjjjjjgggggggggggggggg
cccccccccciiibbbbbbbbbjjjjjjjjjjjjjggggggggggggggg
cccccccccciiiibbbbbbbjjjjjjjjjjjjjjggggggggggggggg
cccccccccciiiibbbbbbbjjjjjjjjjjjjjjggggggggggggggg
cccccccccciiiiiiiiiiijjjjjjjjjjjjjjggggggggggggggg
cccccccccciiiiiiiiiiiijjjjjjjjjjjjjggggggggggggggg
cccccccccciiiiiiiiiiiijjjjjjjjjjjjjeeeeeeeeeeeeeee
cccccccccciiiiiiiifffffjjjjjjjjjjheeeeeeeeeeeeeeee
ccccccccciiiiiiiifffffffjjjjjjjhhheeeeeeeeeeeeeeee
ppppppppciiiiiiifffffffffhhhhhhhhheeeeeeeeeeeeeeee
pppppppppiiiiiiffffffffffhhhhhhhhheeeeeeeeeeeeeeee
pppppppppiiiiifffffffffffhhhhhhhhheeeeeeeeeeeeeeee
pppppppppiiiiffffffffffffhhhhhhhhheeeeeeeeeeeeeeee
pppppppppiiifffffffffffffhhhhhhhhheeeeeeeeeeeeeeee
pppppppppiiffffffffffffffhhhhhhhhhhhhhheeeeeeeeeee
pppppppppiiffffffffffffffhhhhhhhhhhhhhheeeeeeeeeee
pppppppppiifffffffffffffffhhhhhhhhhhhhheeeeeeeeeee
pppppppppiifffffffffffffffhhhhhhhhhhhhheeeeeeeeeee
pppppppppiiffffffffffffffffhhhhhhhhhhhheeeeeeeeeee
pppppppppffffffffffffffffffhhhhhhhhhhhheeeeeeeeeee
pppppppppfffffffffffffffffffhhhhhhhhhhheeeeeeeeeee
