nnnnnnnneeeeeeeeaaaaaaaaaaaaaaaaaaaalllldddddddddd
nnnnnnnneeeeeeeeaaaaaaaaaaaaaaaaaaallllldddddddddd
nnnnnnnneeeeeeeeeaaaaaaaaaaaaaaaallllllllddddddddd
nnnnnnnneeeeeeeeeeaaaaaaaaaaaaallllllllllldddddddd
nnnnnnnnneeeeeeeeeeaaaaaaaaaallllllllllllldddddddd
nnnnnnnnneeeeeeeeeeaaaaaaaallllllllllllllllddddddd
nnnnnnnnneeeeeeeeeeeaaaaallllllllllllllllllddddddd
nnnnnnnnneeeeeeeeeeeaaallllllllllllllllllllldddddd
nnnnnnnnneeeeeeeeeeeeaallllllllllllllllllllldddddd
nnnnnnnnneeeeeeeeeeeeeellllllllllllllllllllddddddd
nnnnnnnnneeeeeeeeeeeeeeelllllllllllllllllllddddddd
nnnnnnnnneeeeeeeeeeeeeeooooooooooolllllllldddddddd
nnnnnnnnneeeeeeeeeeeeeoooooooooooooolllllldddddddd
nnnnnnnnnneeeeeeeeeeeooooooooooooooooodddddddddddd
nnnnnnnnnneeeeeeeeeeoooooooooooooooooooddddddddddd
nnnnnnnnnnneeeeeeeeehhhhhhoooooooooooooddddddddddd
nnnnnnnnnnneeeeeeeehhhhhhhhoooooooojjjjddddddddddd
nnnnnnnnnnnneeeeeehhhhhhhhhhoooooojjjjjjdddddddddd
nnnnnnnnnnnneeeeehhhhhhhhhhhhoooojjjjjjjjddddddddd
nnnnnnnnnnnggggeehhhhhhhhhhhhhojjjjjjjjjjjdddddddd
nnnnnnnnnggggggghhhhhhhhhhhhhhhjjjjjjjjjjjdddddddd
nnnnnnnggggggggggcchhhhhhhhhhhhjjjjjjjjjjjjddddddd
nnnnnggggggggggggccchhhhhhhhhhhjjjjjjjjjjjjddddddd
gggggggggggggggggcccchhhhhhhhhhjjjjjjjjjjjjjjjjjjj
gggggggggggggggggccccchhhhhhhhhjjjjjjjjjjjjjjjjjjj
gggggggggggggggggccccchhhhhhhhhjjjjjjjjjjjjjjjjjjj
gggggggggggggggggccccccchhhhhhjjjjjjjjjjjfffffffff
gggggggggggggggggcccccccccccbbjjjjjjjjjjffffffffff
gggggggggggggggggcccccccccccbbbjjjjjjjjfffffffffff
gggggggggggggggggccccccccccbbbbjjjjjjjffffffffffff
gggggggggggggggggccbbbbbcbbbbbbbjjjjjfffffffffffff
ggggggggggggggggbbbbbbbbbbbbbbbbjjjjffffffffffffff
gggggggggggggggbbbbbbbbbbbbbbbbbjjjjffffffffffffff
gggggggggggggggbbbbbbbbbbbbbbbbbjjjjjfffffffffffff
ggggggggggmmmmgbbbbbbbbbbbbbbbbjjjjjjjffffffffffff
ggggggggmmmmmmmbbbbbbbbbbbbbbbbjjjjjjjjfffffffffff
ggggggmmmmmmmmmmkkbbbbbbbbbbbbjjjjjjjjjjffffffffff
ggggmmmmmmmmmmmmkkkbbbbbbbbbbbjjjjjjjjjjffffffffff
mmmmmmmmmmmmmmmmkkkkbbbbbbbbbjjjjjjjjjjjjfffffffff
mmmmmmmmmmmmmmmmkkkkkkiiiiiiijjjjjjjjjjjjfffffffff
ppppmmmmmmmmmmmmkkkkkkiiiiiiiiijjjjjjjjjjfffffffff
ppppppmmmmmmmmmkkkkkkkiiiiiiiiiiijjjjjiiiiiiiiiiii
ppppppppmmmmmmkkkkkkkiiiiiiiiiiiiiijiiiiiiiiiiiiii
ppppppppppmmkkkkkkkkiiiiiiiiiiiiiiiiiiiiiiiiiiiiii
ppppppppppppkkkkkkiiiiiiiiiiiiiiiiiiiiiiiiiiiiiiii
ppppppppppppppkkiiiiiiiiiiiiiiiiiiiiiiiiiiiiiiiiii
ppppppppppppppppiiiiiiiiiiiiiiiiiiiiiiiiiiiiiiiiii
ppppppppppppppppiiiiiiiiiiiiiiiiiiiiiiiiiiiiiiiiii
ppppppppppppppppiiiiiiiiiiiiiiiiiiiiiiiiiiiiiiiiii
ppppppppppppppppiiiiiiiiiiiiiiiiiiiiiiiiiiiiiiiiii
