ggggggggggggghhoooooooolllllllllllllllllllmmmmmmmm
ggggggggggggghhoooooooolllllllllllllllllllmmmmmmmm
gggggggggggghhhooooooooollllllllllllllllllmmmmmmmm
gggggggggggghhhoooooooooolllppppppppppppppmmmmmmmm
ggggggggggghhhhoooooooooolllpppppppppppppmmmmmmmmm
gggggggggghhhhhhooooooooolllppppppppppppkmmmmmmmmm
ggggggggghhhhhhhooooooooopppppppppppppppkmmmmmmmmm
gggggggghhhhhhhhhoooooooopppppppppppppppkmmmmmmmmm
ggggggghhhhhhhhhhhooooooopppppppppppppkkkmmmmmmmmm
ggggggghhhhhhhhhhhooooooooppppppppppkkkkkkmmmmmmmm
gggggghhhhhhhhhhhhooooooooooppppiiiikkkkkkkmmmmmmm
gggggghhhhhhhhhhhhooooooooooooooiiiikkkkkkkkmmmmmm
ffggghhhhhhhhhhhhhooooooooooooooiiiikkkkkkkkmmmmmm
fffgghhhhhhhhhhhhhooooooooooooooiiiikkkkkkkkkmmmmm
ffffhhhhhhhhhhhhhhhooooooooooooiiiiikkkkkkkkkmmmmm
fffffhhhhhhhhhhhhhhhhoooooooookkiikkkkkkkkkkkkmmmm
fffffdhhhhhhhhhhhhhhhhhhookkkkkkkkkkkkkkkkkkkkkmmm
fffffddhhhhhhhhhhhhhhhhhhkkkkkkkkkkkkkkkkkkkkkmmmm
fffffdddhhhhhhhhhhhhhhhhhkkkkkkkkkkkkkkkkbbbbbmmmm
fffffdddeeeehhhhhhhhhhhhhkkkkkkkkkkbbbbbbbbbbbmmmm
fffffdddeeeeehhhhhhhhhhhhkkkkkkkkbbbbbbbbbbbbbmmmm
fffffdddeeeeeehhhhhhhhhhhkkkkkkkkbbbbbbbbbbbbbmmmm
ffffddddeeeeeeeehhhhhhhhhkkkkkkkkbbbbbbbbbbbbmmmmm
ffffdddddeeeeeeeehhhhhhhhkkkcccckbbbbbbbbbbbbmmmmm
ffffddddddeeeeeeeehhhhhhcccccccccbbbbbbbbbbbmmmmmm
ffffddddddeeeeeeeeehhhhcccccccccccbbbbbbbbbbmmmmmm
fffffdddddeeeeeeeeeehhccccccccccccccbbbbbbbbmmmmmm
fffffdddddeeeeeeeeeeeccccccccccccccccccccbbbmmmmmm
fffffdddddeeeeeeeeeeecccccccccccccccccccccccmmmmmm
fffffdddddeeeeeeeeeeeccccccccccccccccccccccccmmmmm
fffffdddddeeeeeeeeeeecccccccccccccccccccccccccmmmm
fffffdddddeeeeeeeeeeeccccccccccccccccccccccccccmmm
fffffdddddeeeeeeeeeeecccccccccccccccccccccccccccmm
fffffdddddeeeeeeeeeeecccccccccccccccccccccccccccmm
fffffdddddeeeeeeeeeeeccccccccccccccccaaaaaaaaaaamm
fffffdddddeeeeeeeeeeecccccccccccccccaaaaaaaaaaaaam
fffffdddddeeeeeeeeeeeccccccccccccccaaaaaaaaaaaaaam
fffffddddjeeeeeeeeeeecccccccccccccaaaaaaaaaaaaaaaa
ffffffjjjjjeennnnnnnnncccccccccccaaaaaaaaaaaaaaaaa
fffffjjjjjjjjnnnnnnnnnncccccccccaaaaaaaaaaaaaaaaaa
fffffjjjjjjjjnnnnnnnnnnncccccccaaaaaaaaaaaaaaaaaaa
ffffjjjjjjjjnnnnnnnnnnnnncccccaaaaaaaaaaaaaaaaaaaa
fffjjjjjjjjnnnnnnnnnnnnnnnaaaaaaaaaaaaaaaaaaaaaaaa
fffjjjjjjjjnnnnnnnnnnnnnnnaaaaaaaaaaaaaaaaaaaaaaaa
fffjjjjjjjjnnnnnnnnnnnnnnnaaaaaaaaaaaaaaaaaaaaaaaa
fffjjjjjjjnnnnnnnnnnnnnnnnaaaaaaaaaaaaaaaaaaaaaaaa
fffjjjjjjjnnnnnnnnnnnnnnnnnaaaaaaaaaaaaaaaaaaaaaaa
fffjjjjjjnnnnnnnnnnnnnnnnnnaaaaaaaaaaaaaaaaaaaaaaa
fffjjjjjjnnnnnnnnnnnnnnnnnnaaaaaaaaaaaaaaaaaaaaaaa
fffjjjjjjnnnnnnnnnnnnnnnnnnaaaaaaaaaaaaaaaaaaaaaaa
