eeeeeeeeeeeeeeeeennnlllllllllllllllllllljjjjjjjjjj
eeeeeeeeeeeeeeeeennnlllllllllllllllllllljjjjjjjjjj
eeeeeeeeeeeeeeeennnnlllllllllllllllllllljjjjjjjjjj
eeeeeeeeeeeeeeeennnnlllllllllllllllllllgggjjjjjjjj
eeeeeeeeeeeeeeennnnnlllllllllllllllllllggggjjjjjjj
eeeeeeeeeeeeeeennnnnllllllllllllllllllggggggjjjjjj
eeeeeeeeeeeeeennnnnnllllllllllllllllllggggggjjjjjj
eeeeeeeeeeeeeennnnnnlllllllllllllllllllgggggggjjjj
eeeeeeeeeeeeennnnnnnnllllllllllllllllllggggggggggg
eeeeeeeeeeeeennnnnnnnlllllllllllkkkkkkkggggggggggg
eeeeeeeeeeeeennnnnnnnnllllllllkkkkkkkkkkgggggggggg
eeeeeeeeeeeeennnnnnnnnllllllllkkkkkkkkkkgggggggggg
eeeeeeeeeeeeennnnnnnnnnlllllllkkkkkkkkkkkggggggggg
eeeeeeeeeeeeennnnnnnnnnllllllkkkkkkkkkkkkggggggggg
eeeeeeeeeeeeennnnnnnnnnnllffkkkkkkkkkkkkkkgggggggg
eeeeeeeeeeeeennnnnnnnnnnnffffkkkkkkkkkkkkkkggggggg
eeeeeeeeeeeeennnnnnnnnnnnffffkkkkkkkkkkkkkkkkggggg
eeeeeeeeeeeeennnnnnnnnnnnfffffkkkkkkkkkkkkkkkghhhh
eeeeeeeeeeeeeiinnnnnnnnofffffffkkkkkhhhhhhhhhhhhhh
eeeeeeeeeeeeiiiiinnnnnooffffffffkkkhhhhhhhhhhhhhhh
eeeeeeeeeeeeiiiiiiiiiioooffffffffhhhhhhhhhhhhhhhhh
eeeeeeeeeeeiiiiiiiiiiioooofffffffhhhhhhhhhhhhhhhhh
eeeeeeeeeeeiiiiiiiiiiooooofffffffhhhhhhhhhhhhhhhhh
eeeeeeeceeeiiiiiiiiiiooooofffffffhhhhhhhhhhhhhhhhh
eeeeeccccccciiiiiiiioooooofffffffhhhhhhhhhhhhhhhhh
cccccccccccciiiiiiipooooommffffffhhhhhhhhhhhhhhhhh
ccccccccccccciiiipppooooommffffffhhhhhhhhhhhhhhhhh
ccccccccccccciippppppoooommffffffhhhhhhhhhhhhhhhhh
ccccccccccccccppppppppooommffffffhhhhhhhhhaaaaaaaa
ccccccccccccccppppppppooommfffffffhhhhhhaaaaaaaaaa
ccccccccccccccppppppppooommfffffffhhhhhhaaaaaaaaaa
ccccccccccccccppppppppooommffffffffhhhhhaaaaaaaaaa
ccccccccccccccppppppppooommffffffffhhhhhaaaaaaaaaa
ccccccccccccccppppppppooommfffffffffhhhhaaaaaaaaaa
ccccccccccccccppppppppooommffffffffffhhaaaaaaaaaaa
ccccccccccccccppppppppooommfffffffffffaaaaaaaaaaaa
ccccccccccccccppppppppooommffffffffffffaaaaaaaaaaa
ccccccccccccccppppppppooommffffffffffffaaaaaaaaaaa
ccccccccccccccppppppppoooomddfffffffffaaaaaaaaaaaa
ccccccccccccccppppppppoooomdddffffffffaaaaaaaaaaaa
cccccccccccccpppppppppooommddddfffffffaaaaaaaaaaaa
cccccbcccccccppppppppppommmdddddddmmmmmaaaaaaaaaaa
bbbbbbbbbbbbbppppppppppmmmmdddddddmmmmmmaaaaaaaaaa
bbbbbbbbbbbbbppppppppppmmmmdddddddmmmmmmmaaaaaaaaa
bbbbbbbbbbbbbppppppppppmmmmdddddddmmmmmmmmaaaaaaaa
bbbbbbbbbbbbbppppppppppmmmmdddddmmmmmmmmmmmaaaaaaa
bbbbbbbbbbbbppppppppppppmmmmmmmmmmmmmmmmmmmmaaaaaa
bbbbbbbbbbbbpppppppppppppmmmmmmmmmmmmmmmmmmmmaaaaa
bbbbbbbbbbbpppppppppppppppppppmmmmmmmmmmmmmmmaaaaa
bbbbbbbbbbbpppppppppppppppppppmmmmmmmmmmmmmmmaaaaa
