bbbbbbbbbbbbbbbbbbbbbbbbbbiiiimmmmmmmmmmmmmmmmmmmm
bbbbbbbbbbbbbbbbbbbbbbbbbbiiiimmmmmmmmmmmmmmmmmmmm
bbbbbbbbbbbbbbbbbbbbbbbbbbiiiimmmmmmmmmmmmmmmmmmmm
bbbbbbbbbbbbbbbbbbbbbbbbbbiiiimmmmmmmmmmmmmmmmmmmm
bbbbbbbbbbbbbbbbbbbbbbbbbbiiiiimmmmmmmmmmmmmmmmmmm
bbbbbbbbbbbbbbbbbbbbbbbbbbiiiiimmmmmmmmmmmmmmmmmmm
bbbbbbbbbbbbbbbbbbbbbbbbbbiiiiiimmmmmmmmmmmmmmmmmm
bbbnbbbbbbbbbbbbbbbbbbbbiiiiiiiimmmmmmmmmmmmmmmmmm
nnnnnbbbbbbbbbbbbbbbbbiiiiiiiiiiimmmmmmmmmmmmmmmmm
nnnnnnbbbbbbbbbbbbbbiiiiiiiiiiiiimmmmmmmmmmmmmmmmm
nnnnnnnblbbbbbbbbbbiiiiiiiiiiiiiiffffffffffffffmmm
nnnnnnnllllbbbbbbbiiiiiiiiiiiiiiiiffffffffffffffmm
nnnnnnnllllllbbbbiiiiiiiiiiiiiiiiiiffffffffffffffm
nnnnnnllllllllllliiiiiiiiiiiiiiiiiifffffffffffffff
nnnnnnlllllllllliiiiiiiiiiiiiiiiiiiiffffffffffffff
nnnnnnlllllllllliiiiiiiiiiiiiiiiiiiiffffffffffffff
nnnnnnllllllllliiiiiiiiiiiiiiiiiiiiiifffffffffffff
nnnnnnllllllllliiiiiiiiiiiiiiiiiiiiiiiffffffffffff
nnnnnnllllllllliiiiiiiiiiiiiiiiiiiiiioffffffffffff
nnnnnnlllllllllliiiiiiiiiiiiiiiiiiiiooofffffffffff
nnnnnnllllllllllliiiiiiiiiiiiiiiiiioooojjjjfffffff
nnnnnnlllllllllllliiiiiiiiiiiiiiiiooooojjjjjffffff
nnnnnnlllllllllllleeeeeeeiiiiiiiiiooooojjjjjjfffff
nnnnnnlllllllllllleeeeeeeeiiiiiiioooooojjjjjjjjggg
nnnnnnllllllllllleeeeeeeeeeeiicccooooooojjjjjjjggg
nnnnnlllllllllllleeeeeeeeeeeeecccoooooooojjjjjjggg
nnnnnlllllllllllcceeeeeeeeeeeccccooooooooojjjjjggg
nnnnnllllllllllccccceeeeeeeeeccccooooooooojjjjjggg
nnnnnlllllllllcccccccccccccccccccooooooooojjjjjjjj
nnnnnllllllllcccccccccccccccccccccoooooooojjjjjjjj
hhnndddlllllccccccccccccccccccccccoooooooojjjjjjjj
hhhhdddddlllccccccccccccckcaccccccoooooooojjjjjjjj
hhhhdddddddlcccccccccccckkkaacccccoooooooojjjjjjjj
hhhhddddddddddccccccccckkkkaaaccccoooooooojjjjjjjj
hhhhdddddddddddccccccckkkkkaaaaaaaaoooooojjjjjjjjj
hhhhddddddddddddcckkkkkkkkkaaaaaaaaaoooojjjjjjjjjj
hhhhdddddddddddddkkkkkkkkkkaaaaaaaaaooojjjjjjjjjjj
hhhhdddddddddddddkkkkkkkkkkaaaaaaaaaoojjjjjjjjjjjj
hhhhdddddddddddddkkkkkkkkkkkkkkkkkkkkjjjjjjjjjjjjj
hhhhdddddddddddddkkkkkkkkkkkkkkkkkkkkjjjjjjjjjjjjj
hhhhhddddddddddddppkkkkkkkkkkkkkkkkkkjjjjjjjjjjjjj
hhhhhdddddddddddppppkkkkkkkkkkkkkkkkkjjjjjjjjjjjjj
hhhhhddddddddddpppppppkkkkkkkkkkkkkkkjjjjjjjjjjjjj
hhhhhdddddddddpppppppppkkkkkkkkkkkkkkjjjjjjjjjjjjj
hhhhhdddddddddppppppppppkkkkkkkkkkkkkjjjjjjjjjjjjj
hhhhhddddddddppppppppppppkkkkkkkkkkkkjjjjjjjjjjjjj
hhhhhdddddddpppppppppppppppppppppppppjjjjjjjjjjjjj
hhhhhddddddppppppppppppppppppppppppppjjjjjjjjjjjjj
hhhhhddddpppppppppppppppppppppppppppppjjjjjjjjjjjj
hhhhhddddpppppppppppppppppppppppppppppjjjjjjjjjjjj
