1
2
1
2
1
2
1
2
1
2
1
2
1
2
1
2
1
2
1
2
1
2
1
2
1
2
1
2
1
2
1
2
1
2
1
2
1
2
1
2
1
2
1
2
1
2
1
2
1
2
1
2
1
2
1
2
1
2
1
2
1
2
1
2
1
2
1
2
1
2
1
2
1
2
1
2
1
2
1
2
1
2
1
2
1
2
1
2
1
2
1
2
1
2
1
2
1
2
1
2
1
2
1
2
1
2
1
2
1
2
1
2
1
2
1
2
1
2
1
2
1
2
1
2
1
2
1
2
1
2
1
2
1
2
1
2
1
2
1
2
1
2
1
2
1
2
1
2
1
2
1
2
1
2
1
2
1
2
1
2
1
2
1
2
1
2
1
2
1
2
1
2
1
2
1
2
1
2
1
2
1
2
1
2
1
2
1
2
1
2
1
2
1
2
1
2
1
2
1
2
1
2
hhhhhhjjjjjjjjjjjjjjjjjjjjjjjjjjjooooooggggggggggg
hhhhhhjjjjjjjjjjjjjjjjjjjjjjjjjjjooooooggggggggggg
hhhhhhjjjjjjjjjjjjjjjjjjjjjjjjjjjooooooggggggggggg
hhhhhhjjjjjjjjjjjjjjjjjjjjjjjjjjjooooooggggggggggg
hhhhhhjjjjjjjjjjjjjjjjjjjjjjjjjjjooooooggggggggggg
hhhhhhjjjjjjjjjjjjjjjjjjjjjjjjjjjjjjgggggggggggggg
hhhhhhjjjjjjjjjjjjjjjjjjjjjjjjjjjjjjgggggggggggggg
hhhhhhjjjjjjjjjjjjjjjjjjjjjjjjjjjjjjgggggggggggggg
hhhhhhjjjjjjjjjjjjjjjjjjjjjjjjjjjjjjgggggggggggggg
hhhhhhjjjjjjjjjjjjjjjjjjjjjjjjjjjjjjgggggggggggggg
hhhhhhjjjjjjjjjjjjjjjjjjjjjjjjjjjjjjgggggggggggggg
hhhhhhkkkkkkkjjjjjjjjjjjjjjjjjjjjjjjgggggggggggggg
hhhhhhkkkkkkkjjjjjjjjjjjjjjjjjjjjjjjgggggggggggggg
hhhhhhhhhhjjjjjjjjjjjjjjjjjjjjjjjjjjmmmmmmmmmmmmmm
hhhhhhhhhhjjjjjjjjjjjjjjjjjjjjjjjjjjmmmmmmmmmmmmmm
hhhhhhhhhhjjjjjjjjjjjjjjjjjjjjjjjjjjmmmmmmmmmmmmmm
hhhhhhhhhhjjjjjjjjjjjjjjjjjjjjjjjjjjmmmmmmmmmmmmmm
hhhhhhhhhjjjjjjjjjjjjjjjjjjjjjjjjjjjmmmmmmmmmmmmmm
hhhhhhhhhjjjjjjjjjjjjjjjjjjjjjjjjjjjmmmmmmmmmmmmmm
hhhhhhhhhjjjjjjjjjjjjjjjjjjjjjjjjjjjmmmmmmmmmmmmmm
hhhhhhhhhjjjjjjjjjjjjjjjjjjjjjjjjjjjmmmmmmmmmmmmmm
eeeeeeeeejjjjjjjjjjjjjjjjjjjjjjjjjjjmmmmmmmmmmmmmm
eeeeeeeeejjjjjjjjjjjjjjjjjjjjjjjjjjjmmmmmmmmmmmmmm
eeeeeeeeejjjjjjjjjjjjjjjjjjjjjjjjjjjmmmmmmmmmmmmmm
eeeeeeeeejjjjjjjjjjjjjjjjjjjjjjjjjjjmmmmmmmmmmmmmm
eeeeeeeeejjjjjjjjjjjjjjjjjjjjjjjjjjjmmmmmmmmmmmmmm
eeeeeeeeejjjjjjjjjjjjjjjjjjjjjjjjjjjmmmmmmmmmmmimm
eeeeeeeeejjjjjjjjjjjjjjjjjjjjjjjjjjjmmmmmmmmmmmiim
eeeeeeeeejjjjjjjjjjjjjjjjjjjjjjjjjjjmmmmmmmmmmmmmm
eeeeeeeeejjjjjjjjjjjjjjjjjjjjjjjjjjjmmmmmmmmmmmmmm
eeeeeeeeejjjjjjjjjjjjjjjjjjjjjjjjjjjmmmmmmmmmmmmmm
eeeeeeeeejjjjjjjjjjjjjjjjjjjjjjjjjjjmmmmmmmmmmmmmm
eeeeeeeeejjjjjjjjjjjjjjjjjjjjjjjjjjjmmmmmmmmmmmmmm
eeeeeeeeejjjjjjjjjjjjjjjjjjjppppppppmmmmmmmmmmmccc
eeeeeeeeejjjjjjjjjjjjjjjjjjjppppppppmmmmmmmmmmmccc
bbbbbeeeejjjjjjjjlllllllllllllllllllllllllllllcccc
bbbbbfffffffffffflllllllllllllllllllllllllllllcccc
bbbbffffffffffffllllllllllllllllllllllllllllllcccc
bbbfffffffffffffllllllllllllllllllllllllllllllllll
fffffffffffffffflllllllllllllllllllallllllllllllll
fffffffffffffffflllllllllllllllllllallllllllllllll
ffffffffffffffffllllllllllllllllllllllllllllllllll
ffffffffffffffffdlllllllllllllllllllllllllllllllll
ffffffffffffffffdlllllllllllllllllllllllllllllllll
ffffffffffffffffdlllllllllllllllllllllllllllllllll
ffffffffffffffffdlllllllllllllllllllllllllllllllll
ffffffffffffffffdlllllllllllllllllllllllllllllllll
ffffffffffffffffdlllllllllllllllllllllllllllllllll
ffffffffffffffffnnnnnnnnnlllllllllllllllllllllllll
ffffffffffffffffnnnnnnnnnlllllllllllllllllllllllll
